<?xml version="1.0" encoding="UTF-8"?>
<!-- Generated by org.testng.reporters.JUnitReportReporter -->
<testsuite hostname="DESKTOP-AF33508" failures="0" tests="2" name="testng_annotations.Test_Annotation" time="51.400" errors="0" timestamp="2022-09-10T18:46:59 IST" skipped="0">
  <testcase classname="testng_annotations.Test_Annotation" name="logout" time="6.709"/>
  <system-out/>
  <testcase classname="testng_annotations.Test_Annotation" name="login" time="44.691"/>
  <system-out/>
</testsuite> <!-- testng_annotations.Test_Annotation -->
