<?xml version="1.0" encoding="UTF-8"?>
<!-- Generated by org.testng.reporters.JUnitReportReporter -->
<testsuite hostname="DESKTOP-AF33508" failures="0" tests="2" name="testng_annotations.BeforeClass_AfterClass_Annotation" time="11.471" errors="0" timestamp="2022-09-10T18:52:47 IST" skipped="0">
  <testcase classname="testng_annotations.BeforeClass_AfterClass_Annotation" name="add_Employee" time="5.977"/>
  <system-out/>
  <testcase classname="testng_annotations.BeforeClass_AfterClass_Annotation" name="add_User" time="5.494"/>
  <system-out/>
</testsuite> <!-- testng_annotations.BeforeClass_AfterClass_Annotation -->
