<?xml version="1.0" encoding="UTF-8"?>
<!-- Generated by org.testng.reporters.JUnitReportReporter -->
<testsuite hostname="DESKTOP-AF33508" failures="0" tests="2" name="testng_annotations.BeforeMethod_AfterMethod_Annotation" time="107.082" errors="0" timestamp="2022-09-10T18:49:39 IST" skipped="0">
  <testcase classname="testng_annotations.BeforeMethod_AfterMethod_Annotation" name="pim" time="48.702"/>
  <system-out/>
  <testcase classname="testng_annotations.BeforeMethod_AfterMethod_Annotation" name="admin" time="58.380"/>
  <system-out/>
</testsuite> <!-- testng_annotations.BeforeMethod_AfterMethod_Annotation -->
